<?xml version="1.0" encoding="UTF-8"?>
<!-- Generated by org.testng.reporters.JUnitXMLReporter -->
<testsuite ignored="0" hostname="DESKTOP-FADL0SF" failures="0" tests="5" name="Default test" time="59.344" errors="0" timestamp="2023-02-23T18:27:02 IST">
  <testcase classname="com.data_driven_framework.qa.DataDriven_framework" name="login" time="13.126"/>
  <testcase classname="com.data_driven_framework.qa.DataDriven_framework" name="login" time="10.236"/>
  <testcase classname="com.data_driven_framework.qa.DataDriven_framework" name="login" time="13.169"/>
  <testcase classname="com.data_driven_framework.qa.DataDriven_framework" name="login" time="9.83"/>
  <testcase classname="com.data_driven_framework.qa.DataDriven_framework" name="login" time="11.315"/>
</testsuite> <!-- Default test -->
