<?xml version="1.0" encoding="UTF-8"?>
<testng-results ignored="0" total="5" passed="5" failed="0" skipped="0">
  <reporter-output>
  </reporter-output>
  <suite started-at="2023-02-23T18:26:03 IST" name="Default suite" finished-at="2023-02-23T18:27:02 IST" duration-ms="59344">
    <groups>
    </groups>
    <test started-at="2023-02-23T18:26:03 IST" name="Default test" finished-at="2023-02-23T18:27:02 IST" duration-ms="59344">
      <class name="com.data_driven_framework.qa.DataDriven_framework">
        <test-method signature="login(java.lang.String,java.lang.String)[pri:0, instance:com.data_driven_framework.qa.DataDriven_framework@73eb439a]" started-at="2023-02-23T18:26:04 IST" name="login" data-provider="wordpressData" finished-at="2023-02-23T18:26:18 IST" duration-ms="13126" status="PASS">
          <params>
            <param index="0">
              <value>
                <![CDATA[an]]>
              </value>
            </param>
            <param index="1">
              <value>
                <![CDATA[Anurag]]>
              </value>
            </param>
          </params>
          <reporter-output>
          </reporter-output>
        </test-method> <!-- login -->
        <test-method signature="login(java.lang.String,java.lang.String)[pri:0, instance:com.data_driven_framework.qa.DataDriven_framework@73eb439a]" started-at="2023-02-23T18:26:18 IST" name="login" data-provider="wordpressData" finished-at="2023-02-23T18:26:28 IST" duration-ms="10236" status="PASS">
          <params>
            <param index="0">
              <value>
                <![CDATA[anuragmendhe@gmail.com]]>
              </value>
            </param>
            <param index="1">
              <value>
                <![CDATA[Anuragg]]>
              </value>
            </param>
          </params>
          <reporter-output>
          </reporter-output>
        </test-method> <!-- login -->
        <test-method signature="login(java.lang.String,java.lang.String)[pri:0, instance:com.data_driven_framework.qa.DataDriven_framework@73eb439a]" started-at="2023-02-23T18:26:28 IST" name="login" data-provider="wordpressData" finished-at="2023-02-23T18:26:41 IST" duration-ms="13169" status="PASS">
          <params>
            <param index="0">
              <value>
                <![CDATA[anuragmendhe150@gmail.com]]>
              </value>
            </param>
            <param index="1">
              <value>
                <![CDATA[Anuraggg]]>
              </value>
            </param>
          </params>
          <reporter-output>
          </reporter-output>
        </test-method> <!-- login -->
        <test-method signature="login(java.lang.String,java.lang.String)[pri:0, instance:com.data_driven_framework.qa.DataDriven_framework@73eb439a]" started-at="2023-02-23T18:26:41 IST" name="login" data-provider="wordpressData" finished-at="2023-02-23T18:26:51 IST" duration-ms="9830" status="PASS">
          <params>
            <param index="0">
              <value>
                <![CDATA[mendhe]]>
              </value>
            </param>
            <param index="1">
              <value>
                <![CDATA[Anuragggg]]>
              </value>
            </param>
          </params>
          <reporter-output>
          </reporter-output>
        </test-method> <!-- login -->
        <test-method signature="login(java.lang.String,java.lang.String)[pri:0, instance:com.data_driven_framework.qa.DataDriven_framework@73eb439a]" started-at="2023-02-23T18:26:51 IST" name="login" data-provider="wordpressData" finished-at="2023-02-23T18:27:02 IST" duration-ms="11315" status="PASS">
          <params>
            <param index="0">
              <value>
                <![CDATA[]]>
              </value>
            </param>
            <param index="1">
              <value>
                <![CDATA[]]>
              </value>
            </param>
          </params>
          <reporter-output>
          </reporter-output>
        </test-method> <!-- login -->
      </class> <!-- com.data_driven_framework.qa.DataDriven_framework -->
    </test> <!-- Default test -->
  </suite> <!-- Default suite -->
</testng-results>
